[debug] [2021-02-22T21:25:23.294Z] ----------------------------------------------------------------------
[debug] [2021-02-22T21:25:23.297Z] Command:       C:\Program Files\nodejs\node.exe C:\Users\Adminiatrador_Dev\AppData\Local\Yarn\Data\global\node_modules\firebase-tools\lib\bin\firebase.js emulators:start --only functions
[debug] [2021-02-22T21:25:23.297Z] CLI Version:   9.4.0
[debug] [2021-02-22T21:25:23.297Z] Platform:      win32
[debug] [2021-02-22T21:25:23.297Z] Node Version:  v12.18.0
[debug] [2021-02-22T21:25:23.298Z] Time:          Mon Feb 22 2021 17:25:23 GMT-0400 (Atlantic Standard Time)
[debug] [2021-02-22T21:25:23.299Z] ----------------------------------------------------------------------
[debug] [2021-02-22T21:25:23.299Z] 
[debug] [2021-02-22T21:25:23.302Z] >>> [apiv2][query] GET https://firebase-public.firebaseio.com/cli.json [none]
[debug] [2021-02-22T21:25:23.321Z] > command requires scopes: ["email","openid","https://www.googleapis.com/auth/cloudplatformprojects.readonly","https://www.googleapis.com/auth/firebase","https://www.googleapis.com/auth/cloud-platform"]
[debug] [2021-02-22T21:25:23.322Z] > authorizing via signed-in user
[info] i  emulators: Starting emulators: functions {"metadata":{"emulator":{"name":"hub"},"message":"Starting emulators: functions"}}
[debug] [2021-02-22T21:25:23.906Z] <<< [apiv2][status] GET https://firebase-public.firebaseio.com/cli.json 200
[debug] [2021-02-22T21:25:23.907Z] <<< [apiv2][body] GET https://firebase-public.firebaseio.com/cli.json {"cloudBuildErrorAfter":1594252800000,"cloudBuildWarnAfter":1590019200000,"defaultNode10After":1594252800000,"minVersion":"3.0.5","node8DeploysDisabledAfter":1613390400000,"node8RuntimeDisabledAfter":1615809600000,"node8WarnAfter":1600128000000}
[debug] [2021-02-22T21:25:25.406Z] [hub] writing locator at C:\Users\ADMINI~1\AppData\Local\Temp\hub-intragramreactclonewithfbase.json
[warn] !  functions: The following emulators are not running, calls to these services from the Functions emulator will affect production: auth, firestore, database, hosting, pubsub {"metadata":{"emulator":{"name":"functions"},"message":"The following emulators are not running, calls to these services from the Functions emulator will affect production: \u001b[1mauth, firestore, database, hosting, pubsub\u001b[22m"}}
[info] +  functions: Using node@12 from host. {"metadata":{"emulator":{"name":"functions"},"message":"Using node@12 from host."}}
[debug] [2021-02-22T21:25:27.470Z] defaultcredentials: writing to file C:\Users\Adminiatrador_Dev\AppData\Roaming\firebase\angelrobles05_gmail_com_application_default_credentials.json
[debug] [2021-02-22T21:25:27.473Z] Setting GAC to C:\Users\Adminiatrador_Dev\AppData\Roaming\firebase\angelrobles05_gmail_com_application_default_credentials.json {"metadata":{"emulator":{"name":"functions"},"message":"Setting GAC to C:\\Users\\Adminiatrador_Dev\\AppData\\Roaming\\firebase\\angelrobles05_gmail_com_application_default_credentials.json"}}
[debug] [2021-02-22T21:25:27.475Z] > refreshing access token with scopes: []
[debug] [2021-02-22T21:25:27.476Z] >>> HTTP REQUEST POST https://www.googleapis.com/oauth2/v3/token  
 <request body omitted>
[debug] [2021-02-22T21:25:28.409Z] <<< HTTP RESPONSE 200 {"expires":"Mon, 01 Jan 1990 00:00:00 GMT","date":"Mon, 22 Feb 2021 21:25:28 GMT","pragma":"no-cache","cache-control":"no-cache, no-store, max-age=0, must-revalidate","content-type":"application/json; charset=utf-8","vary":"X-Origin, Referer, Origin,Accept-Encoding","server":"scaffolding on HTTPServer2","x-xss-protection":"0","x-frame-options":"SAMEORIGIN","x-content-type-options":"nosniff","alt-svc":"h3-29=\":443\"; ma=2592000,h3-T051=\":443\"; ma=2592000,h3-Q050=\":443\"; ma=2592000,h3-Q046=\":443\"; ma=2592000,h3-Q043=\":443\"; ma=2592000,quic=\":443\"; ma=2592000; v=\"46,43\"","accept-ranges":"none","transfer-encoding":"chunked"}
[debug] [2021-02-22T21:25:28.420Z] >>> [apiv2][query] GET https://firebase.googleapis.com/v1beta1/projects/intragramreactclonewithfbase/adminSdkConfig [none]
[debug] [2021-02-22T21:25:29.335Z] <<< [apiv2][status] GET https://firebase.googleapis.com/v1beta1/projects/intragramreactclonewithfbase/adminSdkConfig 200
[debug] [2021-02-22T21:25:29.335Z] <<< [apiv2][body] GET https://firebase.googleapis.com/v1beta1/projects/intragramreactclonewithfbase/adminSdkConfig {"projectId":"intragramreactclonewithfbase","databaseURL":"https://intragramreactclonewithfbase-default-rtdb.firebaseio.com","storageBucket":"intragramreactclonewithfbase.appspot.com","locationId":"us-central"}
[info] i  ui: downloading ui-v1.4.1.zip... {"metadata":{"emulator":{"name":"ui"},"message":"downloading ui-v1.4.1.zip..."}}
[debug] [2021-02-22T21:25:33.449Z] >>> [apiv2][query] GET https://storage.googleapis.com/firebase-preview-drop/emulator/ui-v1.4.1.zip [none]
[debug] [2021-02-22T21:25:34.408Z] <<< [apiv2][status] GET https://storage.googleapis.com/firebase-preview-drop/emulator/ui-v1.4.1.zip 200
[debug] [2021-02-22T21:25:34.409Z] <<< [apiv2][body] GET https://storage.googleapis.com/firebase-preview-drop/emulator/ui-v1.4.1.zip [stream]
[debug] [2021-02-22T21:25:56.719Z] Ignoring unsupported arg: auto_download {"metadata":{"emulator":{"name":"ui"},"message":"Ignoring unsupported arg: auto_download"}}
[debug] [2021-02-22T21:25:56.720Z] Ignoring unsupported arg: port {"metadata":{"emulator":{"name":"ui"},"message":"Ignoring unsupported arg: port"}}
[debug] [2021-02-22T21:25:56.720Z] Starting Emulator UI with command {"binary":"node","args":["C:\\Users\\Adminiatrador_Dev\\.cache\\firebase\\emulators\\ui-v1.4.1\\server.bundle.js"],"optionalArgs":[],"joinArgs":false} {"metadata":{"emulator":{"name":"ui"},"message":"Starting Emulator UI with command {\"binary\":\"node\",\"args\":[\"C:\\\\Users\\\\Adminiatrador_Dev\\\\.cache\\\\firebase\\\\emulators\\\\ui-v1.4.1\\\\server.bundle.js\"],\"optionalArgs\":[],\"joinArgs\":false}"}}
[info] i  ui: Emulator UI logging to ui-debug.log {"metadata":{"emulator":{"name":"ui"},"message":"Emulator UI logging to \u001b[1mui-debug.log\u001b[22m"}}
[debug] [2021-02-22T21:25:56.880Z] Web / API server started at http://localhost:4000
 {"metadata":{"emulator":{"name":"ui"},"message":"Web / API server started at http://localhost:4000\n"}}
[info] i  functions: Watching "E:\Repository\Proyecto_Front-End\Reactjs\Intagram_Clone_With_React_Firebase\intaclonefb\functions" for Cloud Functions... {"metadata":{"emulator":{"name":"functions"},"message":"Watching \"E:\\Repository\\Proyecto_Front-End\\Reactjs\\Intagram_Clone_With_React_Firebase\\intaclonefb\\functions\" for Cloud Functions..."}}
[debug] [2021-02-22T21:25:57.252Z] [worker-pool] addWorker(~diagnostic~) {"metadata":{"emulator":{"name":"functions"},"message":"[worker-pool] addWorker(~diagnostic~)"}}
[debug] [2021-02-22T21:25:57.252Z] [worker-pool] Adding worker with key ~diagnostic~, total=1 {"metadata":{"emulator":{"name":"functions"},"message":"[worker-pool] Adding worker with key ~diagnostic~, total=1"}}
[debug] [2021-02-22T21:25:57.252Z] [worker-pool] submitWork(triggerId=) {"metadata":{"emulator":{"name":"functions"},"message":"[worker-pool] submitWork(triggerId=)"}}
[debug] [2021-02-22T21:25:57.253Z] [worker-~diagnostic~-30bc7ca7-c04a-4863-afdc-61c04d739a13]: Assigning socketPath: \\?\pipe\E:\Repository\Proyecto_Front-End\Reactjs\Intagram_Clone_With_React_Firebase\intaclonefb\functions\2604 {"metadata":{"emulator":{"name":"functions"},"message":"[worker-~diagnostic~-30bc7ca7-c04a-4863-afdc-61c04d739a13]: Assigning socketPath: \\\\?\\pipe\\E:\\Repository\\Proyecto_Front-End\\Reactjs\\Intagram_Clone_With_React_Firebase\\intaclonefb\\functions\\2604"}}
[debug] [2021-02-22T21:25:57.253Z] [worker-~diagnostic~-30bc7ca7-c04a-4863-afdc-61c04d739a13]: BUSY {"metadata":{"emulator":{"name":"functions"},"message":"[worker-~diagnostic~-30bc7ca7-c04a-4863-afdc-61c04d739a13]: BUSY"}}
[debug] [2021-02-22T21:25:57.785Z] [runtime-status] [2604] Functions runtime initialized. {"cwd":"E:\\Repository\\Proyecto_Front-End\\Reactjs\\Intagram_Clone_With_React_Firebase\\intaclonefb\\functions","node_version":"12.18.0"} {"metadata":{"emulator":{"name":"functions"},"message":"[runtime-status] [2604] Functions runtime initialized. {\"cwd\":\"E:\\\\Repository\\\\Proyecto_Front-End\\\\Reactjs\\\\Intagram_Clone_With_React_Firebase\\\\intaclonefb\\\\functions\",\"node_version\":\"12.18.0\"}"}}
[debug] [2021-02-22T21:25:57.785Z] [runtime-status] [2604] Disabled runtime features: undefined {"metadata":{"emulator":{"name":"functions"},"message":"[runtime-status] [2604] Disabled runtime features: undefined"}}
[debug] [2021-02-22T21:25:57.791Z] [runtime-status] [2604] Resolved module firebase-admin {"declared":true,"installed":true,"version":"9.5.0","resolution":"E:\\Repository\\Proyecto_Front-End\\Reactjs\\Intagram_Clone_With_React_Firebase\\intaclonefb\\functions\\node_modules\\firebase-admin\\lib\\index.js"} {"metadata":{"emulator":{"name":"functions"},"message":"[runtime-status] [2604] Resolved module firebase-admin {\"declared\":true,\"installed\":true,\"version\":\"9.5.0\",\"resolution\":\"E:\\\\Repository\\\\Proyecto_Front-End\\\\Reactjs\\\\Intagram_Clone_With_React_Firebase\\\\intaclonefb\\\\functions\\\\node_modules\\\\firebase-admin\\\\lib\\\\index.js\"}"}}
[debug] [2021-02-22T21:25:57.795Z] [runtime-status] [2604] Resolved module firebase-functions {"declared":true,"installed":true,"version":"3.13.1","resolution":"E:\\Repository\\Proyecto_Front-End\\Reactjs\\Intagram_Clone_With_React_Firebase\\intaclonefb\\functions\\node_modules\\firebase-functions\\lib\\index.js"} {"metadata":{"emulator":{"name":"functions"},"message":"[runtime-status] [2604] Resolved module firebase-functions {\"declared\":true,\"installed\":true,\"version\":\"3.13.1\",\"resolution\":\"E:\\\\Repository\\\\Proyecto_Front-End\\\\Reactjs\\\\Intagram_Clone_With_React_Firebase\\\\intaclonefb\\\\functions\\\\node_modules\\\\firebase-functions\\\\lib\\\\index.js\"}"}}
[debug] [2021-02-22T21:25:57.797Z] [runtime-status] [2604] Resolved module firebase-functions {"declared":true,"installed":true,"version":"3.13.1","resolution":"E:\\Repository\\Proyecto_Front-End\\Reactjs\\Intagram_Clone_With_React_Firebase\\intaclonefb\\functions\\node_modules\\firebase-functions\\lib\\index.js"} {"metadata":{"emulator":{"name":"functions"},"message":"[runtime-status] [2604] Resolved module firebase-functions {\"declared\":true,\"installed\":true,\"version\":\"3.13.1\",\"resolution\":\"E:\\\\Repository\\\\Proyecto_Front-End\\\\Reactjs\\\\Intagram_Clone_With_React_Firebase\\\\intaclonefb\\\\functions\\\\node_modules\\\\firebase-functions\\\\lib\\\\index.js\"}"}}
[debug] [2021-02-22T21:25:57.801Z] [runtime-status] [2604] Outgoing network have been stubbed. [{"name":"http","status":"mocked"},{"name":"http","status":"mocked"},{"name":"https","status":"mocked"},{"name":"https","status":"mocked"},{"name":"net","status":"mocked"}] {"metadata":{"emulator":{"name":"functions"},"message":"[runtime-status] [2604] Outgoing network have been stubbed. [{\"name\":\"http\",\"status\":\"mocked\"},{\"name\":\"http\",\"status\":\"mocked\"},{\"name\":\"https\",\"status\":\"mocked\"},{\"name\":\"https\",\"status\":\"mocked\"},{\"name\":\"net\",\"status\":\"mocked\"}]"}}
[debug] [2021-02-22T21:25:57.801Z] [runtime-status] [2604] Resolved module firebase-functions {"declared":true,"installed":true,"version":"3.13.1","resolution":"E:\\Repository\\Proyecto_Front-End\\Reactjs\\Intagram_Clone_With_React_Firebase\\intaclonefb\\functions\\node_modules\\firebase-functions\\lib\\index.js"} {"metadata":{"emulator":{"name":"functions"},"message":"[runtime-status] [2604] Resolved module firebase-functions {\"declared\":true,\"installed\":true,\"version\":\"3.13.1\",\"resolution\":\"E:\\\\Repository\\\\Proyecto_Front-End\\\\Reactjs\\\\Intagram_Clone_With_React_Firebase\\\\intaclonefb\\\\functions\\\\node_modules\\\\firebase-functions\\\\lib\\\\index.js\"}"}}
[debug] [2021-02-22T21:25:57.875Z] [runtime-status] [2604] Checked functions.config() {"config":{}} {"metadata":{"emulator":{"name":"functions"},"message":"[runtime-status] [2604] Checked functions.config() {\"config\":{}}"}}
[debug] [2021-02-22T21:25:57.876Z] [runtime-status] [2604] firebase-functions has been stubbed. {"functionsResolution":{"declared":true,"installed":true,"version":"3.13.1","resolution":"E:\\Repository\\Proyecto_Front-End\\Reactjs\\Intagram_Clone_With_React_Firebase\\intaclonefb\\functions\\node_modules\\firebase-functions\\lib\\index.js"}} {"metadata":{"emulator":{"name":"functions"},"message":"[runtime-status] [2604] firebase-functions has been stubbed. {\"functionsResolution\":{\"declared\":true,\"installed\":true,\"version\":\"3.13.1\",\"resolution\":\"E:\\\\Repository\\\\Proyecto_Front-End\\\\Reactjs\\\\Intagram_Clone_With_React_Firebase\\\\intaclonefb\\\\functions\\\\node_modules\\\\firebase-functions\\\\lib\\\\index.js\"}}"}}
[debug] [2021-02-22T21:25:57.877Z] [runtime-status] [2604] Resolved module firebase-functions {"declared":true,"installed":true,"version":"3.13.1","resolution":"E:\\Repository\\Proyecto_Front-End\\Reactjs\\Intagram_Clone_With_React_Firebase\\intaclonefb\\functions\\node_modules\\firebase-functions\\lib\\index.js"} {"metadata":{"emulator":{"name":"functions"},"message":"[runtime-status] [2604] Resolved module firebase-functions {\"declared\":true,\"installed\":true,\"version\":\"3.13.1\",\"resolution\":\"E:\\\\Repository\\\\Proyecto_Front-End\\\\Reactjs\\\\Intagram_Clone_With_React_Firebase\\\\intaclonefb\\\\functions\\\\node_modules\\\\firebase-functions\\\\lib\\\\index.js\"}"}}
[debug] [2021-02-22T21:25:57.879Z] [runtime-status] [2604] Resolved module firebase-admin {"declared":true,"installed":true,"version":"9.5.0","resolution":"E:\\Repository\\Proyecto_Front-End\\Reactjs\\Intagram_Clone_With_React_Firebase\\intaclonefb\\functions\\node_modules\\firebase-admin\\lib\\index.js"} {"metadata":{"emulator":{"name":"functions"},"message":"[runtime-status] [2604] Resolved module firebase-admin {\"declared\":true,\"installed\":true,\"version\":\"9.5.0\",\"resolution\":\"E:\\\\Repository\\\\Proyecto_Front-End\\\\Reactjs\\\\Intagram_Clone_With_React_Firebase\\\\intaclonefb\\\\functions\\\\node_modules\\\\firebase-admin\\\\lib\\\\index.js\"}"}}
[debug] [2021-02-22T21:25:57.879Z] [runtime-status] [2604] Resolved module firebase-functions {"declared":true,"installed":true,"version":"3.13.1","resolution":"E:\\Repository\\Proyecto_Front-End\\Reactjs\\Intagram_Clone_With_React_Firebase\\intaclonefb\\functions\\node_modules\\firebase-functions\\lib\\index.js"} {"metadata":{"emulator":{"name":"functions"},"message":"[runtime-status] [2604] Resolved module firebase-functions {\"declared\":true,\"installed\":true,\"version\":\"3.13.1\",\"resolution\":\"E:\\\\Repository\\\\Proyecto_Front-End\\\\Reactjs\\\\Intagram_Clone_With_React_Firebase\\\\intaclonefb\\\\functions\\\\node_modules\\\\firebase-functions\\\\lib\\\\index.js\"}"}}
[debug] [2021-02-22T21:25:57.879Z] [runtime-status] [2604] firebase-admin has been stubbed. {"adminResolution":{"declared":true,"installed":true,"version":"9.5.0","resolution":"E:\\Repository\\Proyecto_Front-End\\Reactjs\\Intagram_Clone_With_React_Firebase\\intaclonefb\\functions\\node_modules\\firebase-admin\\lib\\index.js"}} {"metadata":{"emulator":{"name":"functions"},"message":"[runtime-status] [2604] firebase-admin has been stubbed. {\"adminResolution\":{\"declared\":true,\"installed\":true,\"version\":\"9.5.0\",\"resolution\":\"E:\\\\Repository\\\\Proyecto_Front-End\\\\Reactjs\\\\Intagram_Clone_With_React_Firebase\\\\intaclonefb\\\\functions\\\\node_modules\\\\firebase-admin\\\\lib\\\\index.js\"}}"}}
[info] 
┌─────────────────────────────────────────────────────────────┐
│ ✔  All emulators ready! It is now safe to connect your app. │
│ i  View Emulator UI at http://localhost:4000                │
└─────────────────────────────────────────────────────────────┘

┌───────────┬────────────────┬─────────────────────────────────┐
│ Emulator  │ Host:Port      │ View in Emulator UI             │
├───────────┼────────────────┼─────────────────────────────────┤
│ Functions │ localhost:5001 │ http://localhost:4000/functions │
└───────────┴────────────────┴─────────────────────────────────┘
  Emulator Hub running at localhost:4400
  Other reserved ports: 4500

Issues? Report them at https://github.com/firebase/firebase-tools/issues and attach the *-debug.log files.
 
[debug] [2021-02-22T21:25:57.886Z] [worker-~diagnostic~-30bc7ca7-c04a-4863-afdc-61c04d739a13]: IDLE {"metadata":{"emulator":{"name":"functions"},"message":"[worker-~diagnostic~-30bc7ca7-c04a-4863-afdc-61c04d739a13]: IDLE"}}
